<?xml version="1.0" encoding="UTF-8"?>
<!-- Generated by org.testng.reporters.JUnitXMLReporter -->
<testsuite hostname="unkown" ignored="0" name="VIEN" tests="3" failures="0" timestamp="16 Nov 2019 09:58:21 GMT" time="57.703" errors="0">
  <testcase name="Free30Days" time="22.772" classname="com.vienna.qa.testcases.page1Test"/>
  <testcase name="titleCheck" time="0.016" classname="com.vienna.qa.testcases.page1Test"/>
  <testcase name="logoCheck" time="0.261" classname="com.vienna.qa.testcases.page1Test"/>
</testsuite> <!-- VIEN -->
