<?xml version="1.0" encoding="UTF-8"?>
<!-- Generated by org.testng.reporters.JUnitXMLReporter -->
<testsuite hostname="unkown" ignored="0" name="Test" tests="4" failures="0" timestamp="29 Nov 2019 09:40:37 GMT" time="368.293" errors="0">
  <testcase name="Free30Days" time="43.274" classname="com.vienna.qa.testcases.page1Test"/>
  <testcase name="titleCheck" time="0.016" classname="com.vienna.qa.testcases.page1Test"/>
  <testcase name="registring_values" time="154.66" classname="com.vienna.qa.testcases.registration_Test"/>
  <testcase name="logoCheck" time="0.43" classname="com.vienna.qa.testcases.page1Test"/>
</testsuite> <!-- Test -->
