<?xml version="1.0" encoding="UTF-8"?>
<!-- Generated by org.testng.reporters.JUnitXMLReporter -->
<testsuite hostname="unkown" ignored="0" name="Test1" tests="3" failures="0" timestamp="18 Nov 2019 04:53:50 GMT" time="57.939" errors="0">
  <testcase name="Free30Days" time="22.646" classname="com.vienna.qa.testcases.page1Test"/>
  <testcase name="titleCheck" time="0.02" classname="com.vienna.qa.testcases.page1Test"/>
  <testcase name="logoCheck" time="0.492" classname="com.vienna.qa.testcases.page1Test"/>
</testsuite> <!-- Test1 -->
