<?xml version="1.0" encoding="UTF-8"?>
<!-- Generated by org.testng.reporters.JUnitXMLReporter -->
<testsuite hostname="unkown" ignored="0" name="Tests" tests="3" failures="0" timestamp="18 Nov 2019 05:18:57 GMT" time="52.428" errors="0">
  <testcase name="Free30Days" time="22.463" classname="com.vienna.qa.testcases.page1Test"/>
  <testcase name="titleCheck" time="0.026" classname="com.vienna.qa.testcases.page1Test"/>
  <testcase name="logoCheck" time="0.266" classname="com.vienna.qa.testcases.page1Test"/>
</testsuite> <!-- Tests -->
