<?xml version="1.0" encoding="UTF-8"?>
<!-- Generated by org.testng.reporters.JUnitXMLReporter -->
<testsuite hostname="unkown" ignored="0" name="Default test" tests="3" failures="0" timestamp="21 Nov 2019 06:27:33 GMT" time="89.078" errors="0">
  <testcase name="Free30Days" time="23.262" classname="com.vienna.qa.testcases.page1Test"/>
  <testcase name="titleCheck" time="0.03" classname="com.vienna.qa.testcases.page1Test"/>
  <testcase name="logoCheck" time="0.233" classname="com.vienna.qa.testcases.page1Test"/>
</testsuite> <!-- Default test -->
